<?xml version="1.0" encoding="UTF-8"?>
<!-- Generated by org.testng.reporters.JUnitReportReporter -->
<testsuite hostname="Pavanis-MacBook-Pro.local" name="test.com.scr.dao.impl.StudentDAOImplTest" tests="3" failures="0" timestamp="30 Sep 2015 02:52:51 GMT" time="0.406" errors="0">
  <testcase name="getStudentDetails" time="0.003" classname="test.com.scr.dao.impl.StudentDAOImplTest"/>
  <testcase name="getStudentDetails" time="0.003" classname="test.com.scr.dao.impl.StudentDAOImplTest"/>
  <testcase name="getStudentDetails" time="0.400" classname="test.com.scr.dao.impl.StudentDAOImplTest"/>
</testsuite> <!-- test.com.scr.dao.impl.StudentDAOImplTest -->
