<?xml version="1.0" encoding="UTF-8"?>
<!-- Generated by org.testng.reporters.JUnitReportReporter -->
<testsuite hostname="Pavanis-MacBook-Pro.local" name="com.scr.dao.impl.ScheduleDAOImplTest" tests="1" failures="0" timestamp="17 Oct 2015 23:14:10 GMT" time="0.263" errors="0">
  <testcase name="getAllSchedule" time="0.263" classname="com.scr.dao.impl.ScheduleDAOImplTest"/>
</testsuite> <!-- com.scr.dao.impl.ScheduleDAOImplTest -->
