<?xml version="1.0" encoding="UTF-8"?>
<!-- Generated by org.testng.reporters.JUnitReportReporter -->
<testsuite hostname="Pavanis-MacBook-Pro.local" name="com.scr.dao.impl.BooksDAOImplTest" tests="1" failures="0" timestamp="17 Oct 2015 23:34:35 GMT" time="0.283" errors="0">
  <testcase name="getBooksList_Test" time="0.283" classname="com.scr.dao.impl.BooksDAOImplTest"/>
</testsuite> <!-- com.scr.dao.impl.BooksDAOImplTest -->
