<?xml version="1.0" encoding="UTF-8"?>
<!-- Generated by org.testng.reporters.JUnitReportReporter -->
<testsuite hostname="Pavanis-MacBook-Pro.local" name="com.scr.dao.impl.CurriculumDAOImplTest" tests="1" failures="0" timestamp="17 Oct 2015 23:31:52 GMT" time="0.286" errors="0">
  <testcase name="getAllCurriculum_Test" time="0.286" classname="com.scr.dao.impl.CurriculumDAOImplTest"/>
</testsuite> <!-- com.scr.dao.impl.CurriculumDAOImplTest -->
