<?xml version="1.0" encoding="UTF-8"?>
<!-- Generated by org.testng.reporters.JUnitReportReporter -->
<testsuite hostname="Pavanis-MacBook-Pro.local" name="com.scr.dao.impl.StudentDAOImplTest" tests="3" failures="0" timestamp="29 Sep 2015 20:39:19 GMT" time="0.325" errors="0">
  <testcase name="dropCourse" time="0.315" classname="com.scr.dao.impl.StudentDAOImplTest"/>
  <testcase name="dropCourse" time="0.006" classname="com.scr.dao.impl.StudentDAOImplTest"/>
  <testcase name="dropCourse" time="0.004" classname="com.scr.dao.impl.StudentDAOImplTest"/>
</testsuite> <!-- com.scr.dao.impl.StudentDAOImplTest -->
